<?xml version="1.0" encoding="UTF-8"?>
<testsuite xmlns:xsi="http://www.w3.org/2001/XMLSchema-instance" xsi:noNamespaceSchemaLocation="https://maven.apache.org/surefire/maven-surefire-plugin/xsd/surefire-test-report-3.0.xsd" version="3.0" name="com.dosw.masterchef.service.RecipeServiceTest" time="0.438" tests="9" errors="0" skipped="0" failures="0">
  <properties>
[...]
</properties>
  <testcase name="shouldCreateRecipeSuccessfully" classname="com.dosw.masterchef.service.RecipeServiceTest" time="0.338">
    <system-out><![CDATA[2025-10-11T21:39:50.447-05:00  INFO 4660 --- [masterchef-api] [           main] c.d.m.service.impl.RecipeServiceImpl     : Creando nueva receta: Ajiaco Santafereño
2025-10-11T21:39:50.449-05:00  INFO 4660 --- [masterchef-api] [           main] c.d.m.service.impl.RecipeServiceImpl     : Receta creada exitosamente con consecutivo: 1
]]></system-out>
  </testcase>
  <testcase name="shouldGetRecipesByChefType" classname="com.dosw.masterchef.service.RecipeServiceTest" time="0.007">
    <system-out><![CDATA[2025-10-11T21:39:50.478-05:00  INFO 4660 --- [masterchef-api] [           main] c.d.m.service.impl.RecipeServiceImpl     : Obteniendo recetas de tipo: CHEF_JURADO
]]></system-out>
  </testcase>
  <testcase name="shouldDeleteRecipeSuccessfully" classname="com.dosw.masterchef.service.RecipeServiceTest" time="0.013">
    <system-out><![CDATA[2025-10-11T21:39:50.493-05:00  INFO 4660 --- [masterchef-api] [           main] c.d.m.service.impl.RecipeServiceImpl     : Eliminando receta con consecutivo: 1
2025-10-11T21:39:50.495-05:00  INFO 4660 --- [masterchef-api] [           main] c.d.m.service.impl.RecipeServiceImpl     : Receta eliminada exitosamente
]]></system-out>
  </testcase>
  <testcase name="shouldSearchByIngredientCorrectly" classname="com.dosw.masterchef.service.RecipeServiceTest" time="0.009">
    <system-out><![CDATA[2025-10-11T21:39:50.506-05:00  INFO 4660 --- [masterchef-api] [ngodb.net:27017] org.mongodb.driver.cluster               : Monitor thread successfully connected to server with description ServerDescription{address=ac-xwbyylh-shard-00-01.51rh5au.mongodb.net:27017, type=REPLICA_SET_SECONDARY, state=CONNECTED, ok=true, minWireVersion=0, maxWireVersion=25, maxDocumentSize=16777216, logicalSessionTimeoutMinutes=30, roundTripTimeNanos=1468057100, setName='atlas-fri5tw-shard-0', canonicalAddress=ac-xwbyylh-shard-00-01.51rh5au.mongodb.net:27017, hosts=[ac-xwbyylh-shard-00-00.51rh5au.mongodb.net:27017, ac-xwbyylh-shard-00-02.51rh5au.mongodb.net:27017, ac-xwbyylh-shard-00-01.51rh5au.mongodb.net:27017], passives=[], arbiters=[], primary='ac-xwbyylh-shard-00-02.51rh5au.mongodb.net:27017', tagSet=TagSet{[Tag{name='availabilityZone', value='use1-az1'}, Tag{name='diskState', value='READY'}, Tag{name='nodeType', value='ELECTABLE'}, Tag{name='provider', value='AWS'}, Tag{name='region', value='US_EAST_1'}, Tag{name='workloadType', value='OPERATIONAL'}]}, electionId=null, setVersion=272, topologyVersion=TopologyVersion{processId=68e447ba6f804186909af016, counter=5}, lastWriteDate=Sat Oct 11 21:39:46 GMT-05:00 2025, lastUpdateTimeNanos=1190815569396900}
2025-10-11T21:39:50.506-05:00  INFO 4660 --- [masterchef-api] [           main] c.d.m.service.impl.RecipeServiceImpl     : Buscando recetas con ingrediente: Papa
]]></system-out>
  </testcase>
  <testcase name="shouldThrowExceptionWhenRecipeNotFound" classname="com.dosw.masterchef.service.RecipeServiceTest" time="0.008">
    <system-out><![CDATA[2025-10-11T21:39:50.521-05:00  INFO 4660 --- [masterchef-api] [           main] c.d.m.service.impl.RecipeServiceImpl     : Buscando receta con consecutivo: 999
]]></system-out>
  </testcase>
  <testcase name="shouldValidateSeasonRequiredForParticipants" classname="com.dosw.masterchef.service.RecipeServiceTest" time="0.004">
    <system-out><![CDATA[2025-10-11T21:39:50.529-05:00  INFO 4660 --- [masterchef-api] [           main] c.d.m.service.impl.RecipeServiceImpl     : Creando nueva receta: Receta de Participante
]]></system-out>
  </testcase>
  <testcase name="shouldGetAllRecipes" classname="com.dosw.masterchef.service.RecipeServiceTest" time="0.002">
    <system-out><![CDATA[2025-10-11T21:39:50.537-05:00  INFO 4660 --- [masterchef-api] [           main] c.d.m.service.impl.RecipeServiceImpl     : Obteniendo todas las recetas
]]></system-out>
  </testcase>
  <testcase name="shouldGenerateConsecutiveNumberCorrectly" classname="com.dosw.masterchef.service.RecipeServiceTest" time="0.014">
    <system-out><![CDATA[2025-10-11T21:39:50.548-05:00  INFO 4660 --- [masterchef-api] [           main] c.d.m.service.impl.RecipeServiceImpl     : Creando nueva receta: Ajiaco Santafereño
2025-10-11T21:39:50.548-05:00  INFO 4660 --- [masterchef-api] [           main] c.d.m.service.impl.RecipeServiceImpl     : Receta creada exitosamente con consecutivo: 6
]]></system-out>
  </testcase>
  <testcase name="shouldUpdateRecipeSuccessfully" classname="com.dosw.masterchef.service.RecipeServiceTest" time="0.009">
    <system-out><![CDATA[2025-10-11T21:39:50.558-05:00  INFO 4660 --- [masterchef-api] [           main] c.d.m.service.impl.RecipeServiceImpl     : Actualizando receta con consecutivo: 1
2025-10-11T21:39:50.561-05:00  INFO 4660 --- [masterchef-api] [           main] c.d.m.service.impl.RecipeServiceImpl     : Receta actualizada exitosamente
]]></system-out>
  </testcase>
</testsuite>